Config for player A : ./starter-bots/java
./starter-bots/java/target
Config for player B : ./reference-bot/javascript
./reference-bot/javascript/
=======================================
Starting game
=======================================

=======================================
Starting round: 1 
=======================================

My Player:H=350 S=116 W=1 X,Y=24,4
Player 2 :H=350 S=116

██████████████████████░░░░░░▓▓░░░░░░▓▓░░░░░░██████████████████████
████████████████░░▓▓░░░░░░░░░░▓▓▓▓▓▓░░░░░░░░░░▓▓░░████████████████
██████████████▓▓▓▓▓▓▓▓░░░░▓▓▓▓▓▓▓▓▓▓▓▓▓▓░░░░▓▓▓▓▓▓▓▓██████████████
████████████▓▓░░░░░░▓▓░░░░▓▓▓▓▓▓▓▓▓▓▓▓▓▓░░░░▓▓░░░░░░▓▓████████████
████████░░▓▓▓▓░░22░░▓▓░░░░░░▓▓▓▓▓▓▓▓▓▓░░░░░░▓▓░░11░░▓▓▓▓░░████████
████████░░▓▓▓▓░░░░░░▓▓░░░░▓▓░░▓▓▓▓▓▓░░▓▓░░░░▓▓░░░░░░▓▓▓▓░░████████
██████░░░░░░▓▓▓▓▓▓▓▓▓▓░░░░▓▓▓▓▓▓░░▓▓▓▓▓▓░░░░▓▓▓▓▓▓▓▓▓▓░░░░░░██████
████░░░░░░▓▓▓▓▓▓▓▓▓▓▓▓░░░░░░▓▓▓▓░░▓▓▓▓░░░░░░▓▓▓▓▓▓▓▓▓▓▓▓░░░░░░████
██▓▓░░▓▓▓▓▓▓▓▓▓▓▓▓░░░░░░▓▓░░▓▓▓▓░░▓▓▓▓░░▓▓░░░░░░▓▓▓▓▓▓▓▓▓▓▓▓░░▓▓██
██▓▓▓▓▓▓▓▓░░░░▓▓░░░░░░░░░░▓▓▓▓▓▓▓▓▓▓▓▓▓▓░░░░░░░░░░▓▓░░░░▓▓▓▓▓▓▓▓██
██░░▓▓▓▓░░░░░░▓▓░░░░░░░░░░░░▓▓▓▓░░▓▓▓▓░░░░░░░░░░░░▓▓░░░░░░▓▓▓▓░░██
░░░░▓▓░░░░▓▓▓▓▓▓░░░░▓▓░░░░░░░░░░░░░░░░░░░░░░▓▓░░░░▓▓▓▓▓▓░░░░▓▓░░░░
░░░░▓▓▓▓░░▓▓▓▓▓▓▓▓▓▓▓▓░░▓▓▓▓▓▓▓▓▓▓▓▓▓▓▓▓▓▓░░▓▓▓▓▓▓▓▓▓▓▓▓░░▓▓▓▓░░░░
░░░░▓▓░░░░▓▓▓▓▓▓▓▓▓▓▓▓░░▓▓▓▓▓▓▓▓▓▓▓▓▓▓▓▓▓▓░░▓▓▓▓▓▓▓▓▓▓▓▓░░░░▓▓░░░░
▓▓▓▓▓▓▓▓░░░░░░░░▓▓▓▓░░░░░░░░▓▓▓▓░░▓▓▓▓░░░░░░░░▓▓▓▓░░░░░░░░▓▓▓▓▓▓▓▓
░░░░░░▓▓░░░░░░░░░░▓▓▓▓░░░░░░╠╣▓▓░░▓▓▓▓░░░░░░▓▓▓▓░░░░░░░░░░▓▓░░░░░░
░░13░░▓▓▓▓▓▓▓▓░░░░▓▓▓▓░░░░▓▓▓▓▓▓░░▓▓▓▓▓▓░░░░▓▓▓▓░░░░▓▓▓▓▓▓▓▓░░23░░
░░░░░░▓▓▓▓▓▓▓▓░░░░░░░░▓▓▓▓░░░░▓▓▓▓▓▓╠╣░░▓▓▓▓░░░░░░░░▓▓▓▓▓▓▓▓░░░░░░
▓▓▓▓▓▓▓▓░░░░░░░░▓▓▓▓▓▓▓▓▓▓░░░░░░▓▓░░░░░░▓▓▓▓▓▓▓▓▓▓░░░░░░░░▓▓▓▓▓▓▓▓
░░▓▓▓▓▓▓▓▓▓▓▓▓▓▓▓▓▓▓▓▓▓▓▓▓▓▓░░▓▓▓▓▓▓░░▓▓▓▓▓▓▓▓▓▓▓▓▓▓▓▓▓▓▓▓▓▓▓▓▓▓░░
▓▓▓▓▓▓▓▓░░▓▓▓▓▓▓▓▓▓▓▓▓▓▓▓▓▓▓░░▓▓▓▓▓▓░░▓▓▓▓▓▓▓▓▓▓▓▓▓▓▓▓▓▓░░▓▓▓▓▓▓▓▓
░░░░▓▓░░░░░░▓▓▓▓▓▓▓▓▓▓▓▓▓▓▓▓░░▓▓▓▓▓▓░░▓▓▓▓▓▓▓▓▓▓▓▓▓▓▓▓░░░░░░▓▓░░░░
██░░░░░░░░░░▓▓▓▓▓▓░░▓▓▓▓▓▓░░░░▓▓▓▓▓▓░░░░▓▓▓▓▓▓░░▓▓▓▓▓▓░░░░░░░░░░██
██░░▓▓▓▓▓▓▓▓▓▓░░░░░░▓▓▓▓▓▓░░░░▓▓▓▓▓▓░░░░▓▓▓▓▓▓░░░░░░▓▓▓▓▓▓▓▓▓▓░░██
██▓▓▓▓▓▓▓▓░░▓▓▓▓▓▓░░░░▓▓▓▓░░░░░░▓▓░░░░░░▓▓▓▓░░░░▓▓▓▓▓▓░░▓▓▓▓▓▓▓▓██
████░░▓▓▓▓░░░░▓▓▓▓░░░░▓▓░░░░░░░░▓▓░░░░░░░░▓▓░░░░▓▓▓▓░░░░▓▓▓▓░░████
██████▓▓▓▓░░▓▓▓▓▓▓▓▓▓▓░░░░░░▓▓▓▓░░▓▓▓▓░░░░░░▓▓▓▓▓▓▓▓▓▓░░▓▓▓▓██████
████████▓▓▓▓▓▓░░░░░░▓▓░░░░▓▓▓▓▓▓░░▓▓▓▓▓▓░░░░▓▓░░░░░░▓▓▓▓▓▓████████
████████▓▓▓▓▓▓░░21░░▓▓░░░░░░░░░░░░░░░░░░░░░░▓▓░░12░░▓▓▓▓▓▓████████
████████████▓▓░░░░░░▓▓▓▓▓▓▓▓▓▓░░▓▓░░▓▓▓▓▓▓▓▓▓▓░░░░░░▓▓████████████
██████████████▓▓▓▓▓▓▓▓▓▓░░░░░░░░░░░░░░░░░░▓▓▓▓▓▓▓▓▓▓██████████████
████████████████▓▓▓▓▓▓░░░░░░░░▓▓▓▓▓▓░░░░░░░░▓▓▓▓▓▓████████████████
██████████████████████░░░░░░▓▓▓▓▓▓▓▓▓▓░░░░░░██████████████████████
C;1;move 25 3
C;1;move 9 27
=======================================
Completed round: 1 
=======================================

=======================================
Starting round: 2 
=======================================

My Player:H=350 S=121 W=2 X,Y=24,28
Player 2 :H=350 S=121

██████████████████████░░░░░░▓▓░░░░░░▓▓░░░░░░██████████████████████
████████████████░░▓▓░░░░░░░░░░▓▓▓▓▓▓░░░░░░░░░░▓▓░░████████████████
██████████████▓▓▓▓▓▓▓▓░░░░▓▓▓▓▓▓▓▓▓▓▓▓▓▓░░░░▓▓▓▓▓▓▓▓██████████████
████████████▓▓░░░░░░▓▓░░░░▓▓▓▓▓▓▓▓▓▓▓▓▓▓░░░░▓▓░░░░11▓▓████████████
████████░░▓▓▓▓░░22░░▓▓░░░░░░▓▓▓▓▓▓▓▓▓▓░░░░░░▓▓░░░░░░▓▓▓▓░░████████
████████░░▓▓▓▓░░░░░░▓▓░░░░▓▓░░▓▓▓▓▓▓░░▓▓░░░░▓▓░░░░░░▓▓▓▓░░████████
██████░░░░░░▓▓▓▓▓▓▓▓▓▓░░░░▓▓▓▓▓▓░░▓▓▓▓▓▓░░░░▓▓▓▓▓▓▓▓▓▓░░░░░░██████
████░░░░░░▓▓▓▓▓▓▓▓▓▓▓▓░░░░░░▓▓▓▓░░▓▓▓▓░░░░░░▓▓▓▓▓▓▓▓▓▓▓▓░░░░░░████
██▓▓░░▓▓▓▓▓▓▓▓▓▓▓▓░░░░░░▓▓░░▓▓▓▓░░▓▓▓▓░░▓▓░░░░░░▓▓▓▓▓▓▓▓▓▓▓▓░░▓▓██
██▓▓▓▓▓▓▓▓░░░░▓▓░░░░░░░░░░▓▓▓▓▓▓▓▓▓▓▓▓▓▓░░░░░░░░░░▓▓░░░░▓▓▓▓▓▓▓▓██
██░░▓▓▓▓░░░░░░▓▓░░░░░░░░░░░░▓▓▓▓░░▓▓▓▓░░░░░░░░░░░░▓▓░░░░░░▓▓▓▓░░██
░░░░▓▓░░░░▓▓▓▓▓▓░░░░▓▓░░░░░░░░░░░░░░░░░░░░░░▓▓░░░░▓▓▓▓▓▓░░░░▓▓░░░░
░░░░▓▓▓▓░░▓▓▓▓▓▓▓▓▓▓▓▓░░▓▓▓▓▓▓▓▓▓▓▓▓▓▓▓▓▓▓░░▓▓▓▓▓▓▓▓▓▓▓▓░░▓▓▓▓░░░░
░░░░▓▓░░░░▓▓▓▓▓▓▓▓▓▓▓▓░░▓▓▓▓▓▓▓▓▓▓▓▓▓▓▓▓▓▓░░▓▓▓▓▓▓▓▓▓▓▓▓░░░░▓▓░░░░
▓▓▓▓▓▓▓▓░░░░░░░░▓▓▓▓░░░░░░░░▓▓▓▓░░▓▓▓▓░░░░░░░░▓▓▓▓░░░░░░░░▓▓▓▓▓▓▓▓
░░░░░░▓▓░░░░░░░░░░▓▓▓▓░░░░░░╠╣▓▓░░▓▓▓▓░░░░░░▓▓▓▓░░░░░░░░░░▓▓░░░░░░
░░13░░▓▓▓▓▓▓▓▓░░░░▓▓▓▓░░░░▓▓▓▓▓▓░░▓▓▓▓▓▓░░░░▓▓▓▓░░░░▓▓▓▓▓▓▓▓░░23░░
░░░░░░▓▓▓▓▓▓▓▓░░░░░░░░▓▓▓▓░░░░▓▓▓▓▓▓╠╣░░▓▓▓▓░░░░░░░░▓▓▓▓▓▓▓▓░░░░░░
▓▓▓▓▓▓▓▓░░░░░░░░▓▓▓▓▓▓▓▓▓▓░░░░░░▓▓░░░░░░▓▓▓▓▓▓▓▓▓▓░░░░░░░░▓▓▓▓▓▓▓▓
░░▓▓▓▓▓▓▓▓▓▓▓▓▓▓▓▓▓▓▓▓▓▓▓▓▓▓░░▓▓▓▓▓▓░░▓▓▓▓▓▓▓▓▓▓▓▓▓▓▓▓▓▓▓▓▓▓▓▓▓▓░░
▓▓▓▓▓▓▓▓░░▓▓▓▓▓▓▓▓▓▓▓▓▓▓▓▓▓▓░░▓▓▓▓▓▓░░▓▓▓▓▓▓▓▓▓▓▓▓▓▓▓▓▓▓░░▓▓▓▓▓▓▓▓
░░░░▓▓░░░░░░▓▓▓▓▓▓▓▓▓▓▓▓▓▓▓▓░░▓▓▓▓▓▓░░▓▓▓▓▓▓▓▓▓▓▓▓▓▓▓▓░░░░░░▓▓░░░░
██░░░░░░░░░░▓▓▓▓▓▓░░▓▓▓▓▓▓░░░░▓▓▓▓▓▓░░░░▓▓▓▓▓▓░░▓▓▓▓▓▓░░░░░░░░░░██
██░░▓▓▓▓▓▓▓▓▓▓░░░░░░▓▓▓▓▓▓░░░░▓▓▓▓▓▓░░░░▓▓▓▓▓▓░░░░░░▓▓▓▓▓▓▓▓▓▓░░██
██▓▓▓▓▓▓▓▓░░▓▓▓▓▓▓░░░░▓▓▓▓░░░░░░▓▓░░░░░░▓▓▓▓░░░░▓▓▓▓▓▓░░▓▓▓▓▓▓▓▓██
████░░▓▓▓▓░░░░▓▓▓▓░░░░▓▓░░░░░░░░▓▓░░░░░░░░▓▓░░░░▓▓▓▓░░░░▓▓▓▓░░████
██████▓▓▓▓░░▓▓▓▓▓▓▓▓▓▓░░░░░░▓▓▓▓░░▓▓▓▓░░░░░░▓▓▓▓▓▓▓▓▓▓░░▓▓▓▓██████
████████▓▓▓▓▓▓░░░░21▓▓░░░░▓▓▓▓▓▓░░▓▓▓▓▓▓░░░░▓▓░░░░░░▓▓▓▓▓▓████████
████████▓▓▓▓▓▓░░░░░░▓▓░░░░░░░░░░░░░░░░░░░░░░▓▓░░12░░▓▓▓▓▓▓████████
████████████▓▓░░░░░░▓▓▓▓▓▓▓▓▓▓░░▓▓░░▓▓▓▓▓▓▓▓▓▓░░░░░░▓▓████████████
██████████████▓▓▓▓▓▓▓▓▓▓░░░░░░░░░░░░░░░░░░▓▓▓▓▓▓▓▓▓▓██████████████
████████████████▓▓▓▓▓▓░░░░░░░░▓▓▓▓▓▓░░░░░░░░▓▓▓▓▓▓████████████████
██████████████████████░░░░░░▓▓▓▓▓▓▓▓▓▓░░░░░░██████████████████████
java.lang.NullPointerException
	at za.co.entelect.challenge.Bot.getFirstWormInRange(Bot.java:71)
	at za.co.entelect.challenge.Bot.run(Bot.java:33)
	at za.co.entelect.challenge.Main.main(Main.java:36)
No command provided by bot. Falling back to default no command
C;2;move 9 5
GameError - Player 1, worm 2, round 2: Unknown command: No Command
=======================================
Completed round: 2 
=======================================

=======================================
Starting round: 3 
=======================================

My Player:H=350 S=117 W=3 X,Y=1,16
Player 2 :H=350 S=126

██████████████████████░░░░░░▓▓░░░░░░▓▓░░░░░░██████████████████████
████████████████░░▓▓░░░░░░░░░░▓▓▓▓▓▓░░░░░░░░░░▓▓░░████████████████
██████████████▓▓▓▓▓▓▓▓░░░░▓▓▓▓▓▓▓▓▓▓▓▓▓▓░░░░▓▓▓▓▓▓▓▓██████████████
████████████▓▓░░░░░░▓▓░░░░▓▓▓▓▓▓▓▓▓▓▓▓▓▓░░░░▓▓░░░░11▓▓████████████
████████░░▓▓▓▓░░░░░░▓▓░░░░░░▓▓▓▓▓▓▓▓▓▓░░░░░░▓▓░░░░░░▓▓▓▓░░████████
████████░░▓▓▓▓░░░░22▓▓░░░░▓▓░░▓▓▓▓▓▓░░▓▓░░░░▓▓░░░░░░▓▓▓▓░░████████
██████░░░░░░▓▓▓▓▓▓▓▓▓▓░░░░▓▓▓▓▓▓░░▓▓▓▓▓▓░░░░▓▓▓▓▓▓▓▓▓▓░░░░░░██████
████░░░░░░▓▓▓▓▓▓▓▓▓▓▓▓░░░░░░▓▓▓▓░░▓▓▓▓░░░░░░▓▓▓▓▓▓▓▓▓▓▓▓░░░░░░████
██▓▓░░▓▓▓▓▓▓▓▓▓▓▓▓░░░░░░▓▓░░▓▓▓▓░░▓▓▓▓░░▓▓░░░░░░▓▓▓▓▓▓▓▓▓▓▓▓░░▓▓██
██▓▓▓▓▓▓▓▓░░░░▓▓░░░░░░░░░░▓▓▓▓▓▓▓▓▓▓▓▓▓▓░░░░░░░░░░▓▓░░░░▓▓▓▓▓▓▓▓██
██░░▓▓▓▓░░░░░░▓▓░░░░░░░░░░░░▓▓▓▓░░▓▓▓▓░░░░░░░░░░░░▓▓░░░░░░▓▓▓▓░░██
░░░░▓▓░░░░▓▓▓▓▓▓░░░░▓▓░░░░░░░░░░░░░░░░░░░░░░▓▓░░░░▓▓▓▓▓▓░░░░▓▓░░░░
░░░░▓▓▓▓░░▓▓▓▓▓▓▓▓▓▓▓▓░░▓▓▓▓▓▓▓▓▓▓▓▓▓▓▓▓▓▓░░▓▓▓▓▓▓▓▓▓▓▓▓░░▓▓▓▓░░░░
░░░░▓▓░░░░▓▓▓▓▓▓▓▓▓▓▓▓░░▓▓▓▓▓▓▓▓▓▓▓▓▓▓▓▓▓▓░░▓▓▓▓▓▓▓▓▓▓▓▓░░░░▓▓░░░░
▓▓▓▓▓▓▓▓░░░░░░░░▓▓▓▓░░░░░░░░▓▓▓▓░░▓▓▓▓░░░░░░░░▓▓▓▓░░░░░░░░▓▓▓▓▓▓▓▓
░░░░░░▓▓░░░░░░░░░░▓▓▓▓░░░░░░╠╣▓▓░░▓▓▓▓░░░░░░▓▓▓▓░░░░░░░░░░▓▓░░░░░░
░░13░░▓▓▓▓▓▓▓▓░░░░▓▓▓▓░░░░▓▓▓▓▓▓░░▓▓▓▓▓▓░░░░▓▓▓▓░░░░▓▓▓▓▓▓▓▓░░23░░
░░░░░░▓▓▓▓▓▓▓▓░░░░░░░░▓▓▓▓░░░░▓▓▓▓▓▓╠╣░░▓▓▓▓░░░░░░░░▓▓▓▓▓▓▓▓░░░░░░
▓▓▓▓▓▓▓▓░░░░░░░░▓▓▓▓▓▓▓▓▓▓░░░░░░▓▓░░░░░░▓▓▓▓▓▓▓▓▓▓░░░░░░░░▓▓▓▓▓▓▓▓
░░▓▓▓▓▓▓▓▓▓▓▓▓▓▓▓▓▓▓▓▓▓▓▓▓▓▓░░▓▓▓▓▓▓░░▓▓▓▓▓▓▓▓▓▓▓▓▓▓▓▓▓▓▓▓▓▓▓▓▓▓░░
▓▓▓▓▓▓▓▓░░▓▓▓▓▓▓▓▓▓▓▓▓▓▓▓▓▓▓░░▓▓▓▓▓▓░░▓▓▓▓▓▓▓▓▓▓▓▓▓▓▓▓▓▓░░▓▓▓▓▓▓▓▓
░░░░▓▓░░░░░░▓▓▓▓▓▓▓▓▓▓▓▓▓▓▓▓░░▓▓▓▓▓▓░░▓▓▓▓▓▓▓▓▓▓▓▓▓▓▓▓░░░░░░▓▓░░░░
██░░░░░░░░░░▓▓▓▓▓▓░░▓▓▓▓▓▓░░░░▓▓▓▓▓▓░░░░▓▓▓▓▓▓░░▓▓▓▓▓▓░░░░░░░░░░██
██░░▓▓▓▓▓▓▓▓▓▓░░░░░░▓▓▓▓▓▓░░░░▓▓▓▓▓▓░░░░▓▓▓▓▓▓░░░░░░▓▓▓▓▓▓▓▓▓▓░░██
██▓▓▓▓▓▓▓▓░░▓▓▓▓▓▓░░░░▓▓▓▓░░░░░░▓▓░░░░░░▓▓▓▓░░░░▓▓▓▓▓▓░░▓▓▓▓▓▓▓▓██
████░░▓▓▓▓░░░░▓▓▓▓░░░░▓▓░░░░░░░░▓▓░░░░░░░░▓▓░░░░▓▓▓▓░░░░▓▓▓▓░░████
██████▓▓▓▓░░▓▓▓▓▓▓▓▓▓▓░░░░░░▓▓▓▓░░▓▓▓▓░░░░░░▓▓▓▓▓▓▓▓▓▓░░▓▓▓▓██████
████████▓▓▓▓▓▓░░░░21▓▓░░░░▓▓▓▓▓▓░░▓▓▓▓▓▓░░░░▓▓░░░░░░▓▓▓▓▓▓████████
████████▓▓▓▓▓▓░░░░░░▓▓░░░░░░░░░░░░░░░░░░░░░░▓▓░░12░░▓▓▓▓▓▓████████
████████████▓▓░░░░░░▓▓▓▓▓▓▓▓▓▓░░▓▓░░▓▓▓▓▓▓▓▓▓▓░░░░░░▓▓████████████
██████████████▓▓▓▓▓▓▓▓▓▓░░░░░░░░░░░░░░░░░░▓▓▓▓▓▓▓▓▓▓██████████████
████████████████▓▓▓▓▓▓░░░░░░░░▓▓▓▓▓▓░░░░░░░░▓▓▓▓▓▓████████████████
██████████████████████░░░░░░▓▓▓▓▓▓▓▓▓▓░░░░░░██████████████████████
C;3;move 2 15
C;3;move 30 17
=======================================
Completed round: 3 
=======================================

=======================================
Starting round: 4 
=======================================

My Player:H=350 S=122 W=1 X,Y=25,3
Player 2 :H=350 S=131

██████████████████████░░░░░░▓▓░░░░░░▓▓░░░░░░██████████████████████
████████████████░░▓▓░░░░░░░░░░▓▓▓▓▓▓░░░░░░░░░░▓▓░░████████████████
██████████████▓▓▓▓▓▓▓▓░░░░▓▓▓▓▓▓▓▓▓▓▓▓▓▓░░░░▓▓▓▓▓▓▓▓██████████████
████████████▓▓░░░░░░▓▓░░░░▓▓▓▓▓▓▓▓▓▓▓▓▓▓░░░░▓▓░░░░11▓▓████████████
████████░░▓▓▓▓░░░░░░▓▓░░░░░░▓▓▓▓▓▓▓▓▓▓░░░░░░▓▓░░░░░░▓▓▓▓░░████████
████████░░▓▓▓▓░░░░22▓▓░░░░▓▓░░▓▓▓▓▓▓░░▓▓░░░░▓▓░░░░░░▓▓▓▓░░████████
██████░░░░░░▓▓▓▓▓▓▓▓▓▓░░░░▓▓▓▓▓▓░░▓▓▓▓▓▓░░░░▓▓▓▓▓▓▓▓▓▓░░░░░░██████
████░░░░░░▓▓▓▓▓▓▓▓▓▓▓▓░░░░░░▓▓▓▓░░▓▓▓▓░░░░░░▓▓▓▓▓▓▓▓▓▓▓▓░░░░░░████
██▓▓░░▓▓▓▓▓▓▓▓▓▓▓▓░░░░░░▓▓░░▓▓▓▓░░▓▓▓▓░░▓▓░░░░░░▓▓▓▓▓▓▓▓▓▓▓▓░░▓▓██
██▓▓▓▓▓▓▓▓░░░░▓▓░░░░░░░░░░▓▓▓▓▓▓▓▓▓▓▓▓▓▓░░░░░░░░░░▓▓░░░░▓▓▓▓▓▓▓▓██
██░░▓▓▓▓░░░░░░▓▓░░░░░░░░░░░░▓▓▓▓░░▓▓▓▓░░░░░░░░░░░░▓▓░░░░░░▓▓▓▓░░██
░░░░▓▓░░░░▓▓▓▓▓▓░░░░▓▓░░░░░░░░░░░░░░░░░░░░░░▓▓░░░░▓▓▓▓▓▓░░░░▓▓░░░░
░░░░▓▓▓▓░░▓▓▓▓▓▓▓▓▓▓▓▓░░▓▓▓▓▓▓▓▓▓▓▓▓▓▓▓▓▓▓░░▓▓▓▓▓▓▓▓▓▓▓▓░░▓▓▓▓░░░░
░░░░▓▓░░░░▓▓▓▓▓▓▓▓▓▓▓▓░░▓▓▓▓▓▓▓▓▓▓▓▓▓▓▓▓▓▓░░▓▓▓▓▓▓▓▓▓▓▓▓░░░░▓▓░░░░
▓▓▓▓▓▓▓▓░░░░░░░░▓▓▓▓░░░░░░░░▓▓▓▓░░▓▓▓▓░░░░░░░░▓▓▓▓░░░░░░░░▓▓▓▓▓▓▓▓
░░░░13▓▓░░░░░░░░░░▓▓▓▓░░░░░░╠╣▓▓░░▓▓▓▓░░░░░░▓▓▓▓░░░░░░░░░░▓▓░░░░░░
░░░░░░▓▓▓▓▓▓▓▓░░░░▓▓▓▓░░░░▓▓▓▓▓▓░░▓▓▓▓▓▓░░░░▓▓▓▓░░░░▓▓▓▓▓▓▓▓░░░░░░
░░░░░░▓▓▓▓▓▓▓▓░░░░░░░░▓▓▓▓░░░░▓▓▓▓▓▓╠╣░░▓▓▓▓░░░░░░░░▓▓▓▓▓▓▓▓23░░░░
▓▓▓▓▓▓▓▓░░░░░░░░▓▓▓▓▓▓▓▓▓▓░░░░░░▓▓░░░░░░▓▓▓▓▓▓▓▓▓▓░░░░░░░░▓▓▓▓▓▓▓▓
░░▓▓▓▓▓▓▓▓▓▓▓▓▓▓▓▓▓▓▓▓▓▓▓▓▓▓░░▓▓▓▓▓▓░░▓▓▓▓▓▓▓▓▓▓▓▓▓▓▓▓▓▓▓▓▓▓▓▓▓▓░░
▓▓▓▓▓▓▓▓░░▓▓▓▓▓▓▓▓▓▓▓▓▓▓▓▓▓▓░░▓▓▓▓▓▓░░▓▓▓▓▓▓▓▓▓▓▓▓▓▓▓▓▓▓░░▓▓▓▓▓▓▓▓
░░░░▓▓░░░░░░▓▓▓▓▓▓▓▓▓▓▓▓▓▓▓▓░░▓▓▓▓▓▓░░▓▓▓▓▓▓▓▓▓▓▓▓▓▓▓▓░░░░░░▓▓░░░░
██░░░░░░░░░░▓▓▓▓▓▓░░▓▓▓▓▓▓░░░░▓▓▓▓▓▓░░░░▓▓▓▓▓▓░░▓▓▓▓▓▓░░░░░░░░░░██
██░░▓▓▓▓▓▓▓▓▓▓░░░░░░▓▓▓▓▓▓░░░░▓▓▓▓▓▓░░░░▓▓▓▓▓▓░░░░░░▓▓▓▓▓▓▓▓▓▓░░██
██▓▓▓▓▓▓▓▓░░▓▓▓▓▓▓░░░░▓▓▓▓░░░░░░▓▓░░░░░░▓▓▓▓░░░░▓▓▓▓▓▓░░▓▓▓▓▓▓▓▓██
████░░▓▓▓▓░░░░▓▓▓▓░░░░▓▓░░░░░░░░▓▓░░░░░░░░▓▓░░░░▓▓▓▓░░░░▓▓▓▓░░████
██████▓▓▓▓░░▓▓▓▓▓▓▓▓▓▓░░░░░░▓▓▓▓░░▓▓▓▓░░░░░░▓▓▓▓▓▓▓▓▓▓░░▓▓▓▓██████
████████▓▓▓▓▓▓░░░░21▓▓░░░░▓▓▓▓▓▓░░▓▓▓▓▓▓░░░░▓▓░░░░░░▓▓▓▓▓▓████████
████████▓▓▓▓▓▓░░░░░░▓▓░░░░░░░░░░░░░░░░░░░░░░▓▓░░12░░▓▓▓▓▓▓████████
████████████▓▓░░░░░░▓▓▓▓▓▓▓▓▓▓░░▓▓░░▓▓▓▓▓▓▓▓▓▓░░░░░░▓▓████████████
██████████████▓▓▓▓▓▓▓▓▓▓░░░░░░░░░░░░░░░░░░▓▓▓▓▓▓▓▓▓▓██████████████
████████████████▓▓▓▓▓▓░░░░░░░░▓▓▓▓▓▓░░░░░░░░▓▓▓▓▓▓████████████████
██████████████████████░░░░░░▓▓▓▓▓▓▓▓▓▓░░░░░░██████████████████████
C;4;dig 24 2
C;4;dig 10 26
=======================================
Completed round: 4 
=======================================

=======================================
Starting round: 5 
=======================================

My Player:H=350 S=129 W=2 X,Y=24,28
Player 2 :H=350 S=138

██████████████████████░░░░░░▓▓░░░░░░▓▓░░░░░░██████████████████████
████████████████░░▓▓░░░░░░░░░░▓▓▓▓▓▓░░░░░░░░░░▓▓░░████████████████
██████████████▓▓▓▓▓▓▓▓░░░░▓▓▓▓▓▓▓▓▓▓▓▓▓▓░░░░▓▓▓▓░░▓▓██████████████
████████████▓▓░░░░░░▓▓░░░░▓▓▓▓▓▓▓▓▓▓▓▓▓▓░░░░▓▓░░░░11▓▓████████████
████████░░▓▓▓▓░░░░░░▓▓░░░░░░▓▓▓▓▓▓▓▓▓▓░░░░░░▓▓░░░░░░▓▓▓▓░░████████
████████░░▓▓▓▓░░░░22▓▓░░░░▓▓░░▓▓▓▓▓▓░░▓▓░░░░▓▓░░░░░░▓▓▓▓░░████████
██████░░░░░░▓▓▓▓▓▓▓▓▓▓░░░░▓▓▓▓▓▓░░▓▓▓▓▓▓░░░░▓▓▓▓▓▓▓▓▓▓░░░░░░██████
████░░░░░░▓▓▓▓▓▓▓▓▓▓▓▓░░░░░░▓▓▓▓░░▓▓▓▓░░░░░░▓▓▓▓▓▓▓▓▓▓▓▓░░░░░░████
██▓▓░░▓▓▓▓▓▓▓▓▓▓▓▓░░░░░░▓▓░░▓▓▓▓░░▓▓▓▓░░▓▓░░░░░░▓▓▓▓▓▓▓▓▓▓▓▓░░▓▓██
██▓▓▓▓▓▓▓▓░░░░▓▓░░░░░░░░░░▓▓▓▓▓▓▓▓▓▓▓▓▓▓░░░░░░░░░░▓▓░░░░▓▓▓▓▓▓▓▓██
██░░▓▓▓▓░░░░░░▓▓░░░░░░░░░░░░▓▓▓▓░░▓▓▓▓░░░░░░░░░░░░▓▓░░░░░░▓▓▓▓░░██
░░░░▓▓░░░░▓▓▓▓▓▓░░░░▓▓░░░░░░░░░░░░░░░░░░░░░░▓▓░░░░▓▓▓▓▓▓░░░░▓▓░░░░
░░░░▓▓▓▓░░▓▓▓▓▓▓▓▓▓▓▓▓░░▓▓▓▓▓▓▓▓▓▓▓▓▓▓▓▓▓▓░░▓▓▓▓▓▓▓▓▓▓▓▓░░▓▓▓▓░░░░
░░░░▓▓░░░░▓▓▓▓▓▓▓▓▓▓▓▓░░▓▓▓▓▓▓▓▓▓▓▓▓▓▓▓▓▓▓░░▓▓▓▓▓▓▓▓▓▓▓▓░░░░▓▓░░░░
▓▓▓▓▓▓▓▓░░░░░░░░▓▓▓▓░░░░░░░░▓▓▓▓░░▓▓▓▓░░░░░░░░▓▓▓▓░░░░░░░░▓▓▓▓▓▓▓▓
░░░░13▓▓░░░░░░░░░░▓▓▓▓░░░░░░╠╣▓▓░░▓▓▓▓░░░░░░▓▓▓▓░░░░░░░░░░▓▓░░░░░░
░░░░░░▓▓▓▓▓▓▓▓░░░░▓▓▓▓░░░░▓▓▓▓▓▓░░▓▓▓▓▓▓░░░░▓▓▓▓░░░░▓▓▓▓▓▓▓▓░░░░░░
░░░░░░▓▓▓▓▓▓▓▓░░░░░░░░▓▓▓▓░░░░▓▓▓▓▓▓╠╣░░▓▓▓▓░░░░░░░░▓▓▓▓▓▓▓▓23░░░░
▓▓▓▓▓▓▓▓░░░░░░░░▓▓▓▓▓▓▓▓▓▓░░░░░░▓▓░░░░░░▓▓▓▓▓▓▓▓▓▓░░░░░░░░▓▓▓▓▓▓▓▓
░░▓▓▓▓▓▓▓▓▓▓▓▓▓▓▓▓▓▓▓▓▓▓▓▓▓▓░░▓▓▓▓▓▓░░▓▓▓▓▓▓▓▓▓▓▓▓▓▓▓▓▓▓▓▓▓▓▓▓▓▓░░
▓▓▓▓▓▓▓▓░░▓▓▓▓▓▓▓▓▓▓▓▓▓▓▓▓▓▓░░▓▓▓▓▓▓░░▓▓▓▓▓▓▓▓▓▓▓▓▓▓▓▓▓▓░░▓▓▓▓▓▓▓▓
░░░░▓▓░░░░░░▓▓▓▓▓▓▓▓▓▓▓▓▓▓▓▓░░▓▓▓▓▓▓░░▓▓▓▓▓▓▓▓▓▓▓▓▓▓▓▓░░░░░░▓▓░░░░
██░░░░░░░░░░▓▓▓▓▓▓░░▓▓▓▓▓▓░░░░▓▓▓▓▓▓░░░░▓▓▓▓▓▓░░▓▓▓▓▓▓░░░░░░░░░░██
██░░▓▓▓▓▓▓▓▓▓▓░░░░░░▓▓▓▓▓▓░░░░▓▓▓▓▓▓░░░░▓▓▓▓▓▓░░░░░░▓▓▓▓▓▓▓▓▓▓░░██
██▓▓▓▓▓▓▓▓░░▓▓▓▓▓▓░░░░▓▓▓▓░░░░░░▓▓░░░░░░▓▓▓▓░░░░▓▓▓▓▓▓░░▓▓▓▓▓▓▓▓██
████░░▓▓▓▓░░░░▓▓▓▓░░░░▓▓░░░░░░░░▓▓░░░░░░░░▓▓░░░░▓▓▓▓░░░░▓▓▓▓░░████
██████▓▓▓▓░░▓▓▓▓▓▓▓▓░░░░░░░░▓▓▓▓░░▓▓▓▓░░░░░░▓▓▓▓▓▓▓▓▓▓░░▓▓▓▓██████
████████▓▓▓▓▓▓░░░░21▓▓░░░░▓▓▓▓▓▓░░▓▓▓▓▓▓░░░░▓▓░░░░░░▓▓▓▓▓▓████████
████████▓▓▓▓▓▓░░░░░░▓▓░░░░░░░░░░░░░░░░░░░░░░▓▓░░12░░▓▓▓▓▓▓████████
████████████▓▓░░░░░░▓▓▓▓▓▓▓▓▓▓░░▓▓░░▓▓▓▓▓▓▓▓▓▓░░░░░░▓▓████████████
██████████████▓▓▓▓▓▓▓▓▓▓░░░░░░░░░░░░░░░░░░▓▓▓▓▓▓▓▓▓▓██████████████
████████████████▓▓▓▓▓▓░░░░░░░░▓▓▓▓▓▓░░░░░░░░▓▓▓▓▓▓████████████████
██████████████████████░░░░░░▓▓▓▓▓▓▓▓▓▓░░░░░░██████████████████████
java.lang.NullPointerException
	at za.co.entelect.challenge.Bot.getFirstWormInRange(Bot.java:71)
	at za.co.entelect.challenge.Bot.run(Bot.java:33)
	at za.co.entelect.challenge.Main.main(Main.java:36)
No command provided by bot. Falling back to default no command
C;5;dig 10 6
GameError - Player 1, worm 2, round 5: Unknown command: No Command
=======================================
Completed round: 5 
=======================================

=======================================
Starting round: 6 
=======================================

My Player:H=350 S=125 W=3 X,Y=2,15
Player 2 :H=350 S=145

██████████████████████░░░░░░▓▓░░░░░░▓▓░░░░░░██████████████████████
████████████████░░▓▓░░░░░░░░░░▓▓▓▓▓▓░░░░░░░░░░▓▓░░████████████████
██████████████▓▓▓▓▓▓▓▓░░░░▓▓▓▓▓▓▓▓▓▓▓▓▓▓░░░░▓▓▓▓░░▓▓██████████████
████████████▓▓░░░░░░▓▓░░░░▓▓▓▓▓▓▓▓▓▓▓▓▓▓░░░░▓▓░░░░11▓▓████████████
████████░░▓▓▓▓░░░░░░▓▓░░░░░░▓▓▓▓▓▓▓▓▓▓░░░░░░▓▓░░░░░░▓▓▓▓░░████████
████████░░▓▓▓▓░░░░22▓▓░░░░▓▓░░▓▓▓▓▓▓░░▓▓░░░░▓▓░░░░░░▓▓▓▓░░████████
██████░░░░░░▓▓▓▓▓▓▓▓░░░░░░▓▓▓▓▓▓░░▓▓▓▓▓▓░░░░▓▓▓▓▓▓▓▓▓▓░░░░░░██████
████░░░░░░▓▓▓▓▓▓▓▓▓▓▓▓░░░░░░▓▓▓▓░░▓▓▓▓░░░░░░▓▓▓▓▓▓▓▓▓▓▓▓░░░░░░████
██▓▓░░▓▓▓▓▓▓▓▓▓▓▓▓░░░░░░▓▓░░▓▓▓▓░░▓▓▓▓░░▓▓░░░░░░▓▓▓▓▓▓▓▓▓▓▓▓░░▓▓██
██▓▓▓▓▓▓▓▓░░░░▓▓░░░░░░░░░░▓▓▓▓▓▓▓▓▓▓▓▓▓▓░░░░░░░░░░▓▓░░░░▓▓▓▓▓▓▓▓██
██░░▓▓▓▓░░░░░░▓▓░░░░░░░░░░░░▓▓▓▓░░▓▓▓▓░░░░░░░░░░░░▓▓░░░░░░▓▓▓▓░░██
░░░░▓▓░░░░▓▓▓▓▓▓░░░░▓▓░░░░░░░░░░░░░░░░░░░░░░▓▓░░░░▓▓▓▓▓▓░░░░▓▓░░░░
░░░░▓▓▓▓░░▓▓▓▓▓▓▓▓▓▓▓▓░░▓▓▓▓▓▓▓▓▓▓▓▓▓▓▓▓▓▓░░▓▓▓▓▓▓▓▓▓▓▓▓░░▓▓▓▓░░░░
░░░░▓▓░░░░▓▓▓▓▓▓▓▓▓▓▓▓░░▓▓▓▓▓▓▓▓▓▓▓▓▓▓▓▓▓▓░░▓▓▓▓▓▓▓▓▓▓▓▓░░░░▓▓░░░░
▓▓▓▓▓▓▓▓░░░░░░░░▓▓▓▓░░░░░░░░▓▓▓▓░░▓▓▓▓░░░░░░░░▓▓▓▓░░░░░░░░▓▓▓▓▓▓▓▓
░░░░13▓▓░░░░░░░░░░▓▓▓▓░░░░░░╠╣▓▓░░▓▓▓▓░░░░░░▓▓▓▓░░░░░░░░░░▓▓░░░░░░
░░░░░░▓▓▓▓▓▓▓▓░░░░▓▓▓▓░░░░▓▓▓▓▓▓░░▓▓▓▓▓▓░░░░▓▓▓▓░░░░▓▓▓▓▓▓▓▓░░░░░░
░░░░░░▓▓▓▓▓▓▓▓░░░░░░░░▓▓▓▓░░░░▓▓▓▓▓▓╠╣░░▓▓▓▓░░░░░░░░▓▓▓▓▓▓▓▓23░░░░
▓▓▓▓▓▓▓▓░░░░░░░░▓▓▓▓▓▓▓▓▓▓░░░░░░▓▓░░░░░░▓▓▓▓▓▓▓▓▓▓░░░░░░░░▓▓▓▓▓▓▓▓
░░▓▓▓▓▓▓▓▓▓▓▓▓▓▓▓▓▓▓▓▓▓▓▓▓▓▓░░▓▓▓▓▓▓░░▓▓▓▓▓▓▓▓▓▓▓▓▓▓▓▓▓▓▓▓▓▓▓▓▓▓░░
▓▓▓▓▓▓▓▓░░▓▓▓▓▓▓▓▓▓▓▓▓▓▓▓▓▓▓░░▓▓▓▓▓▓░░▓▓▓▓▓▓▓▓▓▓▓▓▓▓▓▓▓▓░░▓▓▓▓▓▓▓▓
░░░░▓▓░░░░░░▓▓▓▓▓▓▓▓▓▓▓▓▓▓▓▓░░▓▓▓▓▓▓░░▓▓▓▓▓▓▓▓▓▓▓▓▓▓▓▓░░░░░░▓▓░░░░
██░░░░░░░░░░▓▓▓▓▓▓░░▓▓▓▓▓▓░░░░▓▓▓▓▓▓░░░░▓▓▓▓▓▓░░▓▓▓▓▓▓░░░░░░░░░░██
██░░▓▓▓▓▓▓▓▓▓▓░░░░░░▓▓▓▓▓▓░░░░▓▓▓▓▓▓░░░░▓▓▓▓▓▓░░░░░░▓▓▓▓▓▓▓▓▓▓░░██
██▓▓▓▓▓▓▓▓░░▓▓▓▓▓▓░░░░▓▓▓▓░░░░░░▓▓░░░░░░▓▓▓▓░░░░▓▓▓▓▓▓░░▓▓▓▓▓▓▓▓██
████░░▓▓▓▓░░░░▓▓▓▓░░░░▓▓░░░░░░░░▓▓░░░░░░░░▓▓░░░░▓▓▓▓░░░░▓▓▓▓░░████
██████▓▓▓▓░░▓▓▓▓▓▓▓▓░░░░░░░░▓▓▓▓░░▓▓▓▓░░░░░░▓▓▓▓▓▓▓▓▓▓░░▓▓▓▓██████
████████▓▓▓▓▓▓░░░░21▓▓░░░░▓▓▓▓▓▓░░▓▓▓▓▓▓░░░░▓▓░░░░░░▓▓▓▓▓▓████████
████████▓▓▓▓▓▓░░░░░░▓▓░░░░░░░░░░░░░░░░░░░░░░▓▓░░12░░▓▓▓▓▓▓████████
████████████▓▓░░░░░░▓▓▓▓▓▓▓▓▓▓░░▓▓░░▓▓▓▓▓▓▓▓▓▓░░░░░░▓▓████████████
██████████████▓▓▓▓▓▓▓▓▓▓░░░░░░░░░░░░░░░░░░▓▓▓▓▓▓▓▓▓▓██████████████
████████████████▓▓▓▓▓▓░░░░░░░░▓▓▓▓▓▓░░░░░░░░▓▓▓▓▓▓████████████████
██████████████████████░░░░░░▓▓▓▓▓▓▓▓▓▓░░░░░░██████████████████████
C;6;dig 3 16
C;6;dig 29 17
=======================================
Completed round: 6 
=======================================

=======================================
Starting round: 7 
=======================================

My Player:H=350 S=132 W=1 X,Y=25,3
Player 2 :H=350 S=152

██████████████████████░░░░░░▓▓░░░░░░▓▓░░░░░░██████████████████████
████████████████░░▓▓░░░░░░░░░░▓▓▓▓▓▓░░░░░░░░░░▓▓░░████████████████
██████████████▓▓▓▓▓▓▓▓░░░░▓▓▓▓▓▓▓▓▓▓▓▓▓▓░░░░▓▓▓▓░░▓▓██████████████
████████████▓▓░░░░░░▓▓░░░░▓▓▓▓▓▓▓▓▓▓▓▓▓▓░░░░▓▓░░░░11▓▓████████████
████████░░▓▓▓▓░░░░░░▓▓░░░░░░▓▓▓▓▓▓▓▓▓▓░░░░░░▓▓░░░░░░▓▓▓▓░░████████
████████░░▓▓▓▓░░░░22▓▓░░░░▓▓░░▓▓▓▓▓▓░░▓▓░░░░▓▓░░░░░░▓▓▓▓░░████████
██████░░░░░░▓▓▓▓▓▓▓▓░░░░░░▓▓▓▓▓▓░░▓▓▓▓▓▓░░░░▓▓▓▓▓▓▓▓▓▓░░░░░░██████
████░░░░░░▓▓▓▓▓▓▓▓▓▓▓▓░░░░░░▓▓▓▓░░▓▓▓▓░░░░░░▓▓▓▓▓▓▓▓▓▓▓▓░░░░░░████
██▓▓░░▓▓▓▓▓▓▓▓▓▓▓▓░░░░░░▓▓░░▓▓▓▓░░▓▓▓▓░░▓▓░░░░░░▓▓▓▓▓▓▓▓▓▓▓▓░░▓▓██
██▓▓▓▓▓▓▓▓░░░░▓▓░░░░░░░░░░▓▓▓▓▓▓▓▓▓▓▓▓▓▓░░░░░░░░░░▓▓░░░░▓▓▓▓▓▓▓▓██
██░░▓▓▓▓░░░░░░▓▓░░░░░░░░░░░░▓▓▓▓░░▓▓▓▓░░░░░░░░░░░░▓▓░░░░░░▓▓▓▓░░██
░░░░▓▓░░░░▓▓▓▓▓▓░░░░▓▓░░░░░░░░░░░░░░░░░░░░░░▓▓░░░░▓▓▓▓▓▓░░░░▓▓░░░░
░░░░▓▓▓▓░░▓▓▓▓▓▓▓▓▓▓▓▓░░▓▓▓▓▓▓▓▓▓▓▓▓▓▓▓▓▓▓░░▓▓▓▓▓▓▓▓▓▓▓▓░░▓▓▓▓░░░░
░░░░▓▓░░░░▓▓▓▓▓▓▓▓▓▓▓▓░░▓▓▓▓▓▓▓▓▓▓▓▓▓▓▓▓▓▓░░▓▓▓▓▓▓▓▓▓▓▓▓░░░░▓▓░░░░
▓▓▓▓▓▓▓▓░░░░░░░░▓▓▓▓░░░░░░░░▓▓▓▓░░▓▓▓▓░░░░░░░░▓▓▓▓░░░░░░░░▓▓▓▓▓▓▓▓
░░░░13▓▓░░░░░░░░░░▓▓▓▓░░░░░░╠╣▓▓░░▓▓▓▓░░░░░░▓▓▓▓░░░░░░░░░░▓▓░░░░░░
░░░░░░░░▓▓▓▓▓▓░░░░▓▓▓▓░░░░▓▓▓▓▓▓░░▓▓▓▓▓▓░░░░▓▓▓▓░░░░▓▓▓▓▓▓▓▓░░░░░░
░░░░░░▓▓▓▓▓▓▓▓░░░░░░░░▓▓▓▓░░░░▓▓▓▓▓▓╠╣░░▓▓▓▓░░░░░░░░▓▓▓▓▓▓░░23░░░░
▓▓▓▓▓▓▓▓░░░░░░░░▓▓▓▓▓▓▓▓▓▓░░░░░░▓▓░░░░░░▓▓▓▓▓▓▓▓▓▓░░░░░░░░▓▓▓▓▓▓▓▓
░░▓▓▓▓▓▓▓▓▓▓▓▓▓▓▓▓▓▓▓▓▓▓▓▓▓▓░░▓▓▓▓▓▓░░▓▓▓▓▓▓▓▓▓▓▓▓▓▓▓▓▓▓▓▓▓▓▓▓▓▓░░
▓▓▓▓▓▓▓▓░░▓▓▓▓▓▓▓▓▓▓▓▓▓▓▓▓▓▓░░▓▓▓▓▓▓░░▓▓▓▓▓▓▓▓▓▓▓▓▓▓▓▓▓▓░░▓▓▓▓▓▓▓▓
░░░░▓▓░░░░░░▓▓▓▓▓▓▓▓▓▓▓▓▓▓▓▓░░▓▓▓▓▓▓░░▓▓▓▓▓▓▓▓▓▓▓▓▓▓▓▓░░░░░░▓▓░░░░
██░░░░░░░░░░▓▓▓▓▓▓░░▓▓▓▓▓▓░░░░▓▓▓▓▓▓░░░░▓▓▓▓▓▓░░▓▓▓▓▓▓░░░░░░░░░░██
██░░▓▓▓▓▓▓▓▓▓▓░░░░░░▓▓▓▓▓▓░░░░▓▓▓▓▓▓░░░░▓▓▓▓▓▓░░░░░░▓▓▓▓▓▓▓▓▓▓░░██
██▓▓▓▓▓▓▓▓░░▓▓▓▓▓▓░░░░▓▓▓▓░░░░░░▓▓░░░░░░▓▓▓▓░░░░▓▓▓▓▓▓░░▓▓▓▓▓▓▓▓██
████░░▓▓▓▓░░░░▓▓▓▓░░░░▓▓░░░░░░░░▓▓░░░░░░░░▓▓░░░░▓▓▓▓░░░░▓▓▓▓░░████
██████▓▓▓▓░░▓▓▓▓▓▓▓▓░░░░░░░░▓▓▓▓░░▓▓▓▓░░░░░░▓▓▓▓▓▓▓▓▓▓░░▓▓▓▓██████
████████▓▓▓▓▓▓░░░░21▓▓░░░░▓▓▓▓▓▓░░▓▓▓▓▓▓░░░░▓▓░░░░░░▓▓▓▓▓▓████████
████████▓▓▓▓▓▓░░░░░░▓▓░░░░░░░░░░░░░░░░░░░░░░▓▓░░12░░▓▓▓▓▓▓████████
████████████▓▓░░░░░░▓▓▓▓▓▓▓▓▓▓░░▓▓░░▓▓▓▓▓▓▓▓▓▓░░░░░░▓▓████████████
██████████████▓▓▓▓▓▓▓▓▓▓░░░░░░░░░░░░░░░░░░▓▓▓▓▓▓▓▓▓▓██████████████
████████████████▓▓▓▓▓▓░░░░░░░░▓▓▓▓▓▓░░░░░░░░▓▓▓▓▓▓████████████████
██████████████████████░░░░░░▓▓▓▓▓▓▓▓▓▓░░░░░░██████████████████████
C;7;move 24 4
C;7;move 10 26
=======================================
Completed round: 7 
=======================================

=======================================
Starting round: 8 
=======================================

My Player:H=350 S=137 W=2 X,Y=24,28
Player 2 :H=350 S=157

██████████████████████░░░░░░▓▓░░░░░░▓▓░░░░░░██████████████████████
████████████████░░▓▓░░░░░░░░░░▓▓▓▓▓▓░░░░░░░░░░▓▓░░████████████████
██████████████▓▓▓▓▓▓▓▓░░░░▓▓▓▓▓▓▓▓▓▓▓▓▓▓░░░░▓▓▓▓░░▓▓██████████████
████████████▓▓░░░░░░▓▓░░░░▓▓▓▓▓▓▓▓▓▓▓▓▓▓░░░░▓▓░░░░░░▓▓████████████
████████░░▓▓▓▓░░░░░░▓▓░░░░░░▓▓▓▓▓▓▓▓▓▓░░░░░░▓▓░░11░░▓▓▓▓░░████████
████████░░▓▓▓▓░░░░22▓▓░░░░▓▓░░▓▓▓▓▓▓░░▓▓░░░░▓▓░░░░░░▓▓▓▓░░████████
██████░░░░░░▓▓▓▓▓▓▓▓░░░░░░▓▓▓▓▓▓░░▓▓▓▓▓▓░░░░▓▓▓▓▓▓▓▓▓▓░░░░░░██████
████░░░░░░▓▓▓▓▓▓▓▓▓▓▓▓░░░░░░▓▓▓▓░░▓▓▓▓░░░░░░▓▓▓▓▓▓▓▓▓▓▓▓░░░░░░████
██▓▓░░▓▓▓▓▓▓▓▓▓▓▓▓░░░░░░▓▓░░▓▓▓▓░░▓▓▓▓░░▓▓░░░░░░▓▓▓▓▓▓▓▓▓▓▓▓░░▓▓██
██▓▓▓▓▓▓▓▓░░░░▓▓░░░░░░░░░░▓▓▓▓▓▓▓▓▓▓▓▓▓▓░░░░░░░░░░▓▓░░░░▓▓▓▓▓▓▓▓██
██░░▓▓▓▓░░░░░░▓▓░░░░░░░░░░░░▓▓▓▓░░▓▓▓▓░░░░░░░░░░░░▓▓░░░░░░▓▓▓▓░░██
░░░░▓▓░░░░▓▓▓▓▓▓░░░░▓▓░░░░░░░░░░░░░░░░░░░░░░▓▓░░░░▓▓▓▓▓▓░░░░▓▓░░░░
░░░░▓▓▓▓░░▓▓▓▓▓▓▓▓▓▓▓▓░░▓▓▓▓▓▓▓▓▓▓▓▓▓▓▓▓▓▓░░▓▓▓▓▓▓▓▓▓▓▓▓░░▓▓▓▓░░░░
░░░░▓▓░░░░▓▓▓▓▓▓▓▓▓▓▓▓░░▓▓▓▓▓▓▓▓▓▓▓▓▓▓▓▓▓▓░░▓▓▓▓▓▓▓▓▓▓▓▓░░░░▓▓░░░░
▓▓▓▓▓▓▓▓░░░░░░░░▓▓▓▓░░░░░░░░▓▓▓▓░░▓▓▓▓░░░░░░░░▓▓▓▓░░░░░░░░▓▓▓▓▓▓▓▓
░░░░13▓▓░░░░░░░░░░▓▓▓▓░░░░░░╠╣▓▓░░▓▓▓▓░░░░░░▓▓▓▓░░░░░░░░░░▓▓░░░░░░
░░░░░░░░▓▓▓▓▓▓░░░░▓▓▓▓░░░░▓▓▓▓▓▓░░▓▓▓▓▓▓░░░░▓▓▓▓░░░░▓▓▓▓▓▓▓▓░░░░░░
░░░░░░▓▓▓▓▓▓▓▓░░░░░░░░▓▓▓▓░░░░▓▓▓▓▓▓╠╣░░▓▓▓▓░░░░░░░░▓▓▓▓▓▓░░23░░░░
▓▓▓▓▓▓▓▓░░░░░░░░▓▓▓▓▓▓▓▓▓▓░░░░░░▓▓░░░░░░▓▓▓▓▓▓▓▓▓▓░░░░░░░░▓▓▓▓▓▓▓▓
░░▓▓▓▓▓▓▓▓▓▓▓▓▓▓▓▓▓▓▓▓▓▓▓▓▓▓░░▓▓▓▓▓▓░░▓▓▓▓▓▓▓▓▓▓▓▓▓▓▓▓▓▓▓▓▓▓▓▓▓▓░░
▓▓▓▓▓▓▓▓░░▓▓▓▓▓▓▓▓▓▓▓▓▓▓▓▓▓▓░░▓▓▓▓▓▓░░▓▓▓▓▓▓▓▓▓▓▓▓▓▓▓▓▓▓░░▓▓▓▓▓▓▓▓
░░░░▓▓░░░░░░▓▓▓▓▓▓▓▓▓▓▓▓▓▓▓▓░░▓▓▓▓▓▓░░▓▓▓▓▓▓▓▓▓▓▓▓▓▓▓▓░░░░░░▓▓░░░░
██░░░░░░░░░░▓▓▓▓▓▓░░▓▓▓▓▓▓░░░░▓▓▓▓▓▓░░░░▓▓▓▓▓▓░░▓▓▓▓▓▓░░░░░░░░░░██
██░░▓▓▓▓▓▓▓▓▓▓░░░░░░▓▓▓▓▓▓░░░░▓▓▓▓▓▓░░░░▓▓▓▓▓▓░░░░░░▓▓▓▓▓▓▓▓▓▓░░██
██▓▓▓▓▓▓▓▓░░▓▓▓▓▓▓░░░░▓▓▓▓░░░░░░▓▓░░░░░░▓▓▓▓░░░░▓▓▓▓▓▓░░▓▓▓▓▓▓▓▓██
████░░▓▓▓▓░░░░▓▓▓▓░░░░▓▓░░░░░░░░▓▓░░░░░░░░▓▓░░░░▓▓▓▓░░░░▓▓▓▓░░████
██████▓▓▓▓░░▓▓▓▓▓▓▓▓21░░░░░░▓▓▓▓░░▓▓▓▓░░░░░░▓▓▓▓▓▓▓▓▓▓░░▓▓▓▓██████
████████▓▓▓▓▓▓░░░░░░▓▓░░░░▓▓▓▓▓▓░░▓▓▓▓▓▓░░░░▓▓░░░░░░▓▓▓▓▓▓████████
████████▓▓▓▓▓▓░░░░░░▓▓░░░░░░░░░░░░░░░░░░░░░░▓▓░░12░░▓▓▓▓▓▓████████
████████████▓▓░░░░░░▓▓▓▓▓▓▓▓▓▓░░▓▓░░▓▓▓▓▓▓▓▓▓▓░░░░░░▓▓████████████
██████████████▓▓▓▓▓▓▓▓▓▓░░░░░░░░░░░░░░░░░░▓▓▓▓▓▓▓▓▓▓██████████████
████████████████▓▓▓▓▓▓░░░░░░░░▓▓▓▓▓▓░░░░░░░░▓▓▓▓▓▓████████████████
██████████████████████░░░░░░▓▓▓▓▓▓▓▓▓▓░░░░░░██████████████████████
java.lang.NullPointerException
	at za.co.entelect.challenge.Bot.getFirstWormInRange(Bot.java:71)
	at za.co.entelect.challenge.Bot.run(Bot.java:33)
	at za.co.entelect.challenge.Main.main(Main.java:36)
No command provided by bot. Falling back to default no command
C;8;move 10 6
GameError - Player 1, worm 2, round 8: Unknown command: No Command
=======================================
Completed round: 8 
=======================================

=======================================
Starting round: 9 
=======================================

My Player:H=350 S=133 W=3 X,Y=2,15
Player 2 :H=350 S=162

██████████████████████░░░░░░▓▓░░░░░░▓▓░░░░░░██████████████████████
████████████████░░▓▓░░░░░░░░░░▓▓▓▓▓▓░░░░░░░░░░▓▓░░████████████████
██████████████▓▓▓▓▓▓▓▓░░░░▓▓▓▓▓▓▓▓▓▓▓▓▓▓░░░░▓▓▓▓░░▓▓██████████████
████████████▓▓░░░░░░▓▓░░░░▓▓▓▓▓▓▓▓▓▓▓▓▓▓░░░░▓▓░░░░░░▓▓████████████
████████░░▓▓▓▓░░░░░░▓▓░░░░░░▓▓▓▓▓▓▓▓▓▓░░░░░░▓▓░░11░░▓▓▓▓░░████████
████████░░▓▓▓▓░░░░░░▓▓░░░░▓▓░░▓▓▓▓▓▓░░▓▓░░░░▓▓░░░░░░▓▓▓▓░░████████
██████░░░░░░▓▓▓▓▓▓▓▓22░░░░▓▓▓▓▓▓░░▓▓▓▓▓▓░░░░▓▓▓▓▓▓▓▓▓▓░░░░░░██████
████░░░░░░▓▓▓▓▓▓▓▓▓▓▓▓░░░░░░▓▓▓▓░░▓▓▓▓░░░░░░▓▓▓▓▓▓▓▓▓▓▓▓░░░░░░████
██▓▓░░▓▓▓▓▓▓▓▓▓▓▓▓░░░░░░▓▓░░▓▓▓▓░░▓▓▓▓░░▓▓░░░░░░▓▓▓▓▓▓▓▓▓▓▓▓░░▓▓██
██▓▓▓▓▓▓▓▓░░░░▓▓░░░░░░░░░░▓▓▓▓▓▓▓▓▓▓▓▓▓▓░░░░░░░░░░▓▓░░░░▓▓▓▓▓▓▓▓██
██░░▓▓▓▓░░░░░░▓▓░░░░░░░░░░░░▓▓▓▓░░▓▓▓▓░░░░░░░░░░░░▓▓░░░░░░▓▓▓▓░░██
░░░░▓▓░░░░▓▓▓▓▓▓░░░░▓▓░░░░░░░░░░░░░░░░░░░░░░▓▓░░░░▓▓▓▓▓▓░░░░▓▓░░░░
░░░░▓▓▓▓░░▓▓▓▓▓▓▓▓▓▓▓▓░░▓▓▓▓▓▓▓▓▓▓▓▓▓▓▓▓▓▓░░▓▓▓▓▓▓▓▓▓▓▓▓░░▓▓▓▓░░░░
░░░░▓▓░░░░▓▓▓▓▓▓▓▓▓▓▓▓░░▓▓▓▓▓▓▓▓▓▓▓▓▓▓▓▓▓▓░░▓▓▓▓▓▓▓▓▓▓▓▓░░░░▓▓░░░░
▓▓▓▓▓▓▓▓░░░░░░░░▓▓▓▓░░░░░░░░▓▓▓▓░░▓▓▓▓░░░░░░░░▓▓▓▓░░░░░░░░▓▓▓▓▓▓▓▓
░░░░13▓▓░░░░░░░░░░▓▓▓▓░░░░░░╠╣▓▓░░▓▓▓▓░░░░░░▓▓▓▓░░░░░░░░░░▓▓░░░░░░
░░░░░░░░▓▓▓▓▓▓░░░░▓▓▓▓░░░░▓▓▓▓▓▓░░▓▓▓▓▓▓░░░░▓▓▓▓░░░░▓▓▓▓▓▓▓▓░░░░░░
░░░░░░▓▓▓▓▓▓▓▓░░░░░░░░▓▓▓▓░░░░▓▓▓▓▓▓╠╣░░▓▓▓▓░░░░░░░░▓▓▓▓▓▓░░23░░░░
▓▓▓▓▓▓▓▓░░░░░░░░▓▓▓▓▓▓▓▓▓▓░░░░░░▓▓░░░░░░▓▓▓▓▓▓▓▓▓▓░░░░░░░░▓▓▓▓▓▓▓▓
░░▓▓▓▓▓▓▓▓▓▓▓▓▓▓▓▓▓▓▓▓▓▓▓▓▓▓░░▓▓▓▓▓▓░░▓▓▓▓▓▓▓▓▓▓▓▓▓▓▓▓▓▓▓▓▓▓▓▓▓▓░░
▓▓▓▓▓▓▓▓░░▓▓▓▓▓▓▓▓▓▓▓▓▓▓▓▓▓▓░░▓▓▓▓▓▓░░▓▓▓▓▓▓▓▓▓▓▓▓▓▓▓▓▓▓░░▓▓▓▓▓▓▓▓
░░░░▓▓░░░░░░▓▓▓▓▓▓▓▓▓▓▓▓▓▓▓▓░░▓▓▓▓▓▓░░▓▓▓▓▓▓▓▓▓▓▓▓▓▓▓▓░░░░░░▓▓░░░░
██░░░░░░░░░░▓▓▓▓▓▓░░▓▓▓▓▓▓░░░░▓▓▓▓▓▓░░░░▓▓▓▓▓▓░░▓▓▓▓▓▓░░░░░░░░░░██
██░░▓▓▓▓▓▓▓▓▓▓░░░░░░▓▓▓▓▓▓░░░░▓▓▓▓▓▓░░░░▓▓▓▓▓▓░░░░░░▓▓▓▓▓▓▓▓▓▓░░██
██▓▓▓▓▓▓▓▓░░▓▓▓▓▓▓░░░░▓▓▓▓░░░░░░▓▓░░░░░░▓▓▓▓░░░░▓▓▓▓▓▓░░▓▓▓▓▓▓▓▓██
████░░▓▓▓▓░░░░▓▓▓▓░░░░▓▓░░░░░░░░▓▓░░░░░░░░▓▓░░░░▓▓▓▓░░░░▓▓▓▓░░████
██████▓▓▓▓░░▓▓▓▓▓▓▓▓21░░░░░░▓▓▓▓░░▓▓▓▓░░░░░░▓▓▓▓▓▓▓▓▓▓░░▓▓▓▓██████
████████▓▓▓▓▓▓░░░░░░▓▓░░░░▓▓▓▓▓▓░░▓▓▓▓▓▓░░░░▓▓░░░░░░▓▓▓▓▓▓████████
████████▓▓▓▓▓▓░░░░░░▓▓░░░░░░░░░░░░░░░░░░░░░░▓▓░░12░░▓▓▓▓▓▓████████
████████████▓▓░░░░░░▓▓▓▓▓▓▓▓▓▓░░▓▓░░▓▓▓▓▓▓▓▓▓▓░░░░░░▓▓████████████
██████████████▓▓▓▓▓▓▓▓▓▓░░░░░░░░░░░░░░░░░░▓▓▓▓▓▓▓▓▓▓██████████████
████████████████▓▓▓▓▓▓░░░░░░░░▓▓▓▓▓▓░░░░░░░░▓▓▓▓▓▓████████████████
██████████████████████░░░░░░▓▓▓▓▓▓▓▓▓▓░░░░░░██████████████████████
C;9;dig 1 14
C;9;move 29 17
=======================================
Completed round: 9 
=======================================

=======================================
Starting round: 10 
=======================================

My Player:H=350 S=140 W=1 X,Y=24,4
Player 2 :H=350 S=167

██████████████████████░░░░░░▓▓░░░░░░▓▓░░░░░░██████████████████████
████████████████░░▓▓░░░░░░░░░░▓▓▓▓▓▓░░░░░░░░░░▓▓░░████████████████
██████████████▓▓▓▓▓▓▓▓░░░░▓▓▓▓▓▓▓▓▓▓▓▓▓▓░░░░▓▓▓▓░░▓▓██████████████
████████████▓▓░░░░░░▓▓░░░░▓▓▓▓▓▓▓▓▓▓▓▓▓▓░░░░▓▓░░░░░░▓▓████████████
████████░░▓▓▓▓░░░░░░▓▓░░░░░░▓▓▓▓▓▓▓▓▓▓░░░░░░▓▓░░11░░▓▓▓▓░░████████
████████░░▓▓▓▓░░░░░░▓▓░░░░▓▓░░▓▓▓▓▓▓░░▓▓░░░░▓▓░░░░░░▓▓▓▓░░████████
██████░░░░░░▓▓▓▓▓▓▓▓22░░░░▓▓▓▓▓▓░░▓▓▓▓▓▓░░░░▓▓▓▓▓▓▓▓▓▓░░░░░░██████
████░░░░░░▓▓▓▓▓▓▓▓▓▓▓▓░░░░░░▓▓▓▓░░▓▓▓▓░░░░░░▓▓▓▓▓▓▓▓▓▓▓▓░░░░░░████
██▓▓░░▓▓▓▓▓▓▓▓▓▓▓▓░░░░░░▓▓░░▓▓▓▓░░▓▓▓▓░░▓▓░░░░░░▓▓▓▓▓▓▓▓▓▓▓▓░░▓▓██
██▓▓▓▓▓▓▓▓░░░░▓▓░░░░░░░░░░▓▓▓▓▓▓▓▓▓▓▓▓▓▓░░░░░░░░░░▓▓░░░░▓▓▓▓▓▓▓▓██
██░░▓▓▓▓░░░░░░▓▓░░░░░░░░░░░░▓▓▓▓░░▓▓▓▓░░░░░░░░░░░░▓▓░░░░░░▓▓▓▓░░██
░░░░▓▓░░░░▓▓▓▓▓▓░░░░▓▓░░░░░░░░░░░░░░░░░░░░░░▓▓░░░░▓▓▓▓▓▓░░░░▓▓░░░░
░░░░▓▓▓▓░░▓▓▓▓▓▓▓▓▓▓▓▓░░▓▓▓▓▓▓▓▓▓▓▓▓▓▓▓▓▓▓░░▓▓▓▓▓▓▓▓▓▓▓▓░░▓▓▓▓░░░░
░░░░▓▓░░░░▓▓▓▓▓▓▓▓▓▓▓▓░░▓▓▓▓▓▓▓▓▓▓▓▓▓▓▓▓▓▓░░▓▓▓▓▓▓▓▓▓▓▓▓░░░░▓▓░░░░
▓▓░░▓▓▓▓░░░░░░░░▓▓▓▓░░░░░░░░▓▓▓▓░░▓▓▓▓░░░░░░░░▓▓▓▓░░░░░░░░▓▓▓▓▓▓▓▓
░░░░13▓▓░░░░░░░░░░▓▓▓▓░░░░░░╠╣▓▓░░▓▓▓▓░░░░░░▓▓▓▓░░░░░░░░░░▓▓░░░░░░
░░░░░░░░▓▓▓▓▓▓░░░░▓▓▓▓░░░░▓▓▓▓▓▓░░▓▓▓▓▓▓░░░░▓▓▓▓░░░░▓▓▓▓▓▓▓▓░░░░░░
░░░░░░▓▓▓▓▓▓▓▓░░░░░░░░▓▓▓▓░░░░▓▓▓▓▓▓╠╣░░▓▓▓▓░░░░░░░░▓▓▓▓▓▓23░░░░░░
▓▓▓▓▓▓▓▓░░░░░░░░▓▓▓▓▓▓▓▓▓▓░░░░░░▓▓░░░░░░▓▓▓▓▓▓▓▓▓▓░░░░░░░░▓▓▓▓▓▓▓▓
░░▓▓▓▓▓▓▓▓▓▓▓▓▓▓▓▓▓▓▓▓▓▓▓▓▓▓░░▓▓▓▓▓▓░░▓▓▓▓▓▓▓▓▓▓▓▓▓▓▓▓▓▓▓▓▓▓▓▓▓▓░░
▓▓▓▓▓▓▓▓░░▓▓▓▓▓▓▓▓▓▓▓▓▓▓▓▓▓▓░░▓▓▓▓▓▓░░▓▓▓▓▓▓▓▓▓▓▓▓▓▓▓▓▓▓░░▓▓▓▓▓▓▓▓
░░░░▓▓░░░░░░▓▓▓▓▓▓▓▓▓▓▓▓▓▓▓▓░░▓▓▓▓▓▓░░▓▓▓▓▓▓▓▓▓▓▓▓▓▓▓▓░░░░░░▓▓░░░░
██░░░░░░░░░░▓▓▓▓▓▓░░▓▓▓▓▓▓░░░░▓▓▓▓▓▓░░░░▓▓▓▓▓▓░░▓▓▓▓▓▓░░░░░░░░░░██
██░░▓▓▓▓▓▓▓▓▓▓░░░░░░▓▓▓▓▓▓░░░░▓▓▓▓▓▓░░░░▓▓▓▓▓▓░░░░░░▓▓▓▓▓▓▓▓▓▓░░██
██▓▓▓▓▓▓▓▓░░▓▓▓▓▓▓░░░░▓▓▓▓░░░░░░▓▓░░░░░░▓▓▓▓░░░░▓▓▓▓▓▓░░▓▓▓▓▓▓▓▓██
████░░▓▓▓▓░░░░▓▓▓▓░░░░▓▓░░░░░░░░▓▓░░░░░░░░▓▓░░░░▓▓▓▓░░░░▓▓▓▓░░████
██████▓▓▓▓░░▓▓▓▓▓▓▓▓21░░░░░░▓▓▓▓░░▓▓▓▓░░░░░░▓▓▓▓▓▓▓▓▓▓░░▓▓▓▓██████
████████▓▓▓▓▓▓░░░░░░▓▓░░░░▓▓▓▓▓▓░░▓▓▓▓▓▓░░░░▓▓░░░░░░▓▓▓▓▓▓████████
████████▓▓▓▓▓▓░░░░░░▓▓░░░░░░░░░░░░░░░░░░░░░░▓▓░░12░░▓▓▓▓▓▓████████
████████████▓▓░░░░░░▓▓▓▓▓▓▓▓▓▓░░▓▓░░▓▓▓▓▓▓▓▓▓▓░░░░░░▓▓████████████
██████████████▓▓▓▓▓▓▓▓▓▓░░░░░░░░░░░░░░░░░░▓▓▓▓▓▓▓▓▓▓██████████████
████████████████▓▓▓▓▓▓░░░░░░░░▓▓▓▓▓▓░░░░░░░░▓▓▓▓▓▓████████████████
██████████████████████░░░░░░▓▓▓▓▓▓▓▓▓▓░░░░░░██████████████████████
C;10;move 25 3
C;10;dig 11 25
=======================================
Completed round: 10 
=======================================

=======================================
Starting round: 11 
=======================================

My Player:H=350 S=145 W=2 X,Y=24,28
Player 2 :H=350 S=174

██████████████████████░░░░░░▓▓░░░░░░▓▓░░░░░░██████████████████████
████████████████░░▓▓░░░░░░░░░░▓▓▓▓▓▓░░░░░░░░░░▓▓░░████████████████
██████████████▓▓▓▓▓▓▓▓░░░░▓▓▓▓▓▓▓▓▓▓▓▓▓▓░░░░▓▓▓▓░░▓▓██████████████
████████████▓▓░░░░░░▓▓░░░░▓▓▓▓▓▓▓▓▓▓▓▓▓▓░░░░▓▓░░░░11▓▓████████████
████████░░▓▓▓▓░░░░░░▓▓░░░░░░▓▓▓▓▓▓▓▓▓▓░░░░░░▓▓░░░░░░▓▓▓▓░░████████
████████░░▓▓▓▓░░░░░░▓▓░░░░▓▓░░▓▓▓▓▓▓░░▓▓░░░░▓▓░░░░░░▓▓▓▓░░████████
██████░░░░░░▓▓▓▓▓▓▓▓22░░░░▓▓▓▓▓▓░░▓▓▓▓▓▓░░░░▓▓▓▓▓▓▓▓▓▓░░░░░░██████
████░░░░░░▓▓▓▓▓▓▓▓▓▓▓▓░░░░░░▓▓▓▓░░▓▓▓▓░░░░░░▓▓▓▓▓▓▓▓▓▓▓▓░░░░░░████
██▓▓░░▓▓▓▓▓▓▓▓▓▓▓▓░░░░░░▓▓░░▓▓▓▓░░▓▓▓▓░░▓▓░░░░░░▓▓▓▓▓▓▓▓▓▓▓▓░░▓▓██
██▓▓▓▓▓▓▓▓░░░░▓▓░░░░░░░░░░▓▓▓▓▓▓▓▓▓▓▓▓▓▓░░░░░░░░░░▓▓░░░░▓▓▓▓▓▓▓▓██
██░░▓▓▓▓░░░░░░▓▓░░░░░░░░░░░░▓▓▓▓░░▓▓▓▓░░░░░░░░░░░░▓▓░░░░░░▓▓▓▓░░██
░░░░▓▓░░░░▓▓▓▓▓▓░░░░▓▓░░░░░░░░░░░░░░░░░░░░░░▓▓░░░░▓▓▓▓▓▓░░░░▓▓░░░░
░░░░▓▓▓▓░░▓▓▓▓▓▓▓▓▓▓▓▓░░▓▓▓▓▓▓▓▓▓▓▓▓▓▓▓▓▓▓░░▓▓▓▓▓▓▓▓▓▓▓▓░░▓▓▓▓░░░░
░░░░▓▓░░░░▓▓▓▓▓▓▓▓▓▓▓▓░░▓▓▓▓▓▓▓▓▓▓▓▓▓▓▓▓▓▓░░▓▓▓▓▓▓▓▓▓▓▓▓░░░░▓▓░░░░
▓▓░░▓▓▓▓░░░░░░░░▓▓▓▓░░░░░░░░▓▓▓▓░░▓▓▓▓░░░░░░░░▓▓▓▓░░░░░░░░▓▓▓▓▓▓▓▓
░░░░13▓▓░░░░░░░░░░▓▓▓▓░░░░░░╠╣▓▓░░▓▓▓▓░░░░░░▓▓▓▓░░░░░░░░░░▓▓░░░░░░
░░░░░░░░▓▓▓▓▓▓░░░░▓▓▓▓░░░░▓▓▓▓▓▓░░▓▓▓▓▓▓░░░░▓▓▓▓░░░░▓▓▓▓▓▓▓▓░░░░░░
░░░░░░▓▓▓▓▓▓▓▓░░░░░░░░▓▓▓▓░░░░▓▓▓▓▓▓╠╣░░▓▓▓▓░░░░░░░░▓▓▓▓▓▓23░░░░░░
▓▓▓▓▓▓▓▓░░░░░░░░▓▓▓▓▓▓▓▓▓▓░░░░░░▓▓░░░░░░▓▓▓▓▓▓▓▓▓▓░░░░░░░░▓▓▓▓▓▓▓▓
░░▓▓▓▓▓▓▓▓▓▓▓▓▓▓▓▓▓▓▓▓▓▓▓▓▓▓░░▓▓▓▓▓▓░░▓▓▓▓▓▓▓▓▓▓▓▓▓▓▓▓▓▓▓▓▓▓▓▓▓▓░░
▓▓▓▓▓▓▓▓░░▓▓▓▓▓▓▓▓▓▓▓▓▓▓▓▓▓▓░░▓▓▓▓▓▓░░▓▓▓▓▓▓▓▓▓▓▓▓▓▓▓▓▓▓░░▓▓▓▓▓▓▓▓
░░░░▓▓░░░░░░▓▓▓▓▓▓▓▓▓▓▓▓▓▓▓▓░░▓▓▓▓▓▓░░▓▓▓▓▓▓▓▓▓▓▓▓▓▓▓▓░░░░░░▓▓░░░░
██░░░░░░░░░░▓▓▓▓▓▓░░▓▓▓▓▓▓░░░░▓▓▓▓▓▓░░░░▓▓▓▓▓▓░░▓▓▓▓▓▓░░░░░░░░░░██
██░░▓▓▓▓▓▓▓▓▓▓░░░░░░▓▓▓▓▓▓░░░░▓▓▓▓▓▓░░░░▓▓▓▓▓▓░░░░░░▓▓▓▓▓▓▓▓▓▓░░██
██▓▓▓▓▓▓▓▓░░▓▓▓▓▓▓░░░░▓▓▓▓░░░░░░▓▓░░░░░░▓▓▓▓░░░░▓▓▓▓▓▓░░▓▓▓▓▓▓▓▓██
████░░▓▓▓▓░░░░▓▓▓▓░░░░░░░░░░░░░░▓▓░░░░░░░░▓▓░░░░▓▓▓▓░░░░▓▓▓▓░░████
██████▓▓▓▓░░▓▓▓▓▓▓▓▓21░░░░░░▓▓▓▓░░▓▓▓▓░░░░░░▓▓▓▓▓▓▓▓▓▓░░▓▓▓▓██████
████████▓▓▓▓▓▓░░░░░░▓▓░░░░▓▓▓▓▓▓░░▓▓▓▓▓▓░░░░▓▓░░░░░░▓▓▓▓▓▓████████
████████▓▓▓▓▓▓░░░░░░▓▓░░░░░░░░░░░░░░░░░░░░░░▓▓░░12░░▓▓▓▓▓▓████████
████████████▓▓░░░░░░▓▓▓▓▓▓▓▓▓▓░░▓▓░░▓▓▓▓▓▓▓▓▓▓░░░░░░▓▓████████████
██████████████▓▓▓▓▓▓▓▓▓▓░░░░░░░░░░░░░░░░░░▓▓▓▓▓▓▓▓▓▓██████████████
████████████████▓▓▓▓▓▓░░░░░░░░▓▓▓▓▓▓░░░░░░░░▓▓▓▓▓▓████████████████
██████████████████████░░░░░░▓▓▓▓▓▓▓▓▓▓░░░░░░██████████████████████
java.lang.NullPointerException
	at za.co.entelect.challenge.Bot.getFirstWormInRange(Bot.java:71)
	at za.co.entelect.challenge.Bot.run(Bot.java:33)
